<?xml version="1.0" encoding="utf-8" standalone="no"?>
<!--This file represents the results of running a test suite-->
<test-results name="C:\Code\experiment\SportsStoreMVC3\SportsStore.UnitTests\bin\Debug\SportsStore.UnitTests.dll" total="5" errors="0" failures="0" not-run="0" inconclusive="0" ignored="0" skipped="0" invalid="0" date="2012-02-07" time="07:53:25">
  <environment nunit-version="2.5.10.11092" clr-version="4.0.30319.239" os-version="Microsoft Windows NT 6.1.7601 Service Pack 1" platform="Win32NT" cwd="C:\Program Files (x86)\NUnit 2.5.10\bin\net-2.0" machine-name="SARGENTS-2ND" user="sargents" user-domain="ADVISORY" />
  <culture-info current-culture="en-US" current-uiculture="en-US" />
  <test-suite type="Assembly" name="C:\Code\experiment\SportsStoreMVC3\SportsStore.UnitTests\bin\Debug\SportsStore.UnitTests.dll" executed="True" result="Success" success="True" time="0.347" asserts="0">
    <results>
      <test-suite type="Namespace" name="SportsStore" executed="True" result="Success" success="True" time="0.317" asserts="0">
        <results>
          <test-suite type="Namespace" name="UnitTests" executed="True" result="Success" success="True" time="0.317" asserts="0">
            <results>
              <test-suite type="Namespace" name="Domain" executed="True" result="Success" success="True" time="0.316" asserts="0">
                <results>
                  <test-suite type="TestFixture" name="CartTest" executed="True" result="Success" success="True" time="0.312" asserts="0">
                    <results>
                      <test-case name="SportsStore.UnitTests.Domain.CartTest.Calculate_Cart_Total" executed="True" result="Success" success="True" time="0.039" asserts="0" />
                      <test-case name="SportsStore.UnitTests.Domain.CartTest.Can_Add_New_Lines" executed="True" result="Success" success="True" time="0.220" asserts="3" />
                      <test-case name="SportsStore.UnitTests.Domain.CartTest.Can_Add_Quantity_For_Existing_Items" executed="True" result="Success" success="True" time="0.002" asserts="3" />
                      <test-case name="SportsStore.UnitTests.Domain.CartTest.Can_Clear_Contents" executed="True" result="Success" success="True" time="0.001" asserts="0" />
                      <test-case name="SportsStore.UnitTests.Domain.CartTest.Can_Remove_Lines" executed="True" result="Success" success="True" time="0.001" asserts="0" />
                    </results>
                  </test-suite>
                </results>
              </test-suite>
            </results>
          </test-suite>
        </results>
      </test-suite>
    </results>
  </test-suite>
</test-results>